<?xml version="1.0" encoding="utf-8"?><testsuites name="pytest tests"><testsuite name="pytest" errors="0" failures="0" skipped="0" tests="11" time="4.738" timestamp="2026-06-18T19:39:07.054647+00:00" hostname="agent-env-e99bd3d2-b46c-41f5-aa83-38c2426ad26f"><testcase classname="backend.tests.test_fixes" name="test_reports_admin_200" time="1.682" /><testcase classname="backend.tests.test_fixes" name="test_reports_manager_200" time="0.119" /><testcase classname="backend.tests.test_fixes" name="test_reports_approval_default_403" time="0.194" /><testcase classname="backend.tests.test_fixes" name="test_reports_store_default_403" time="0.111" /><testcase classname="backend.tests.test_fixes" name="test_reports_permission_override" time="0.648" /><testcase classname="backend.tests.test_fixes" name="test_update_request_all_fields" time="0.517" /><testcase classname="backend.tests.test_fixes" name="test_status_revert_admin_approved_to_rejected" time="0.590" /><testcase classname="backend.tests.test_fixes" name="test_status_revert_admin_to_new" time="0.139" /><testcase classname="backend.tests.test_fixes" name="test_status_revert_manager" time="0.225" /><testcase classname="backend.tests.test_fixes" name="test_profit_pct_25" time="0.202" /><testcase classname="backend.tests.test_fixes" name="test_profit_pct_100" time="0.216" /></testsuite></testsuites>