<?xml version="1.0" encoding="utf-8"?><testsuites name="pytest tests"><testsuite name="pytest" errors="7" failures="1" skipped="0" tests="22" time="4.837" timestamp="2026-06-18T15:25:03.522352+00:00" hostname="agent-env-e99bd3d2-b46c-41f5-aa83-38c2426ad26f"><testcase classname="backend.tests.test_crm" name="test_login_all_roles" time="2.199" /><testcase classname="backend.tests.test_crm" name="test_login_invalid" time="0.380" /><testcase classname="backend.tests.test_crm" name="test_me" time="0.157" /><testcase classname="backend.tests.test_crm" name="test_dashboard_store" time="0.106" /><testcase classname="backend.tests.test_crm" name="test_dashboard_approval_has_extras" time="0.101" /><testcase classname="backend.tests.test_crm" name="test_create_request_persisted" time="0.198"><error message="failed on setup with &quot;assert 0.0 == 15.0&quot;">backend/tests/test_crm.py:77: in new_request
    assert j['min_profit_pct'] == 15.0
E   assert 0.0 == 15.0</error></testcase><testcase classname="backend.tests.test_crm" name="test_list_requests_filters" time="0.140" /><testcase classname="backend.tests.test_crm" name="test_store_user_sees_only_own" time="0.105" /><testcase classname="backend.tests.test_crm" name="test_claim_lock" time="0.000"><error message="failed on setup with &quot;assert 0.0 == 15.0&quot;">backend/tests/test_crm.py:77: in new_request
    assert j['min_profit_pct'] == 15.0
E   assert 0.0 == 15.0</error></testcase><testcase classname="backend.tests.test_crm" name="test_status_change_requires_claim" time="0.000"><error message="failed on setup with &quot;assert 0.0 == 15.0&quot;">backend/tests/test_crm.py:77: in new_request
    assert j['min_profit_pct'] == 15.0
E   assert 0.0 == 15.0</error></testcase><testcase classname="backend.tests.test_crm" name="test_status_change_after_claim" time="0.000"><error message="failed on setup with &quot;assert 0.0 == 15.0&quot;">backend/tests/test_crm.py:77: in new_request
    assert j['min_profit_pct'] == 15.0
E   assert 0.0 == 15.0</error></testcase><testcase classname="backend.tests.test_crm" name="test_store_cancel_own" time="0.218" /><testcase classname="backend.tests.test_crm" name="test_add_comment" time="0.000"><error message="failed on setup with &quot;assert 0.0 == 15.0&quot;">backend/tests/test_crm.py:77: in new_request
    assert j['min_profit_pct'] == 15.0
E   assert 0.0 == 15.0</error></testcase><testcase classname="backend.tests.test_crm" name="test_upload_invalid_ext" time="0.000"><error message="failed on setup with &quot;assert 0.0 == 15.0&quot;">backend/tests/test_crm.py:77: in new_request
    assert j['min_profit_pct'] == 15.0
E   assert 0.0 == 15.0</error></testcase><testcase classname="backend.tests.test_crm" name="test_upload_png_and_download" time="0.000"><error message="failed on setup with &quot;assert 0.0 == 15.0&quot;">backend/tests/test_crm.py:77: in new_request
    assert j['min_profit_pct'] == 15.0
E   assert 0.0 == 15.0</error></testcase><testcase classname="backend.tests.test_crm" name="test_store_cannot_create_user" time="0.104" /><testcase classname="backend.tests.test_crm" name="test_approval_cannot_upsert_brand" time="0.110" /><testcase classname="backend.tests.test_crm" name="test_store_cannot_view_other_store_request" time="0.203" /><testcase classname="backend.tests.test_crm" name="test_audit_logs" time="0.107" /><testcase classname="backend.tests.test_crm" name="test_audit_forbidden_for_store" time="0.096" /><testcase classname="backend.tests.test_crm" name="test_upsert_brand" time="0.150" /><testcase classname="backend.tests.test_crm" name="test_create_user" time="0.326"><failure message="AssertionError: assert (200 == 200 and 'test_6dc7cde0@x.com' == 'TEST_6dc7cde0@x.com'&#10; +  where 200 = &lt;Response [200]&gt;.status_code&#10;  &#10;  - TEST_6dc7cde0@x.com&#10;  ? ^^^^&#10;  + test_6dc7cde0@x.com&#10;  ? ^^^^)">backend/tests/test_crm.py:218: in test_create_user
    assert r.status_code == 200 and r.json()['email']==email
E   AssertionError: assert (200 == 200 and 'test_6dc7cde0@x.com' == 'TEST_6dc7cde0@x.com'
E    +  where 200 = &lt;Response [200]&gt;.status_code
E     
E     - TEST_6dc7cde0@x.com
E     ? ^^^^
E     + test_6dc7cde0@x.com
E     ? ^^^^)</failure></testcase></testsuite></testsuites>