<?xml version="1.0" encoding="utf-8"?><testsuites name="pytest tests"><testsuite name="pytest" errors="0" failures="0" skipped="0" tests="23" time="6.842" timestamp="2026-06-18T15:27:33.261753+00:00" hostname="agent-env-e99bd3d2-b46c-41f5-aa83-38c2426ad26f"><testcase classname="backend.tests.test_crm" name="test_login_all_roles" time="2.277" /><testcase classname="backend.tests.test_crm" name="test_login_invalid" time="0.324" /><testcase classname="backend.tests.test_crm" name="test_me" time="0.097" /><testcase classname="backend.tests.test_crm" name="test_dashboard_store" time="0.099" /><testcase classname="backend.tests.test_crm" name="test_dashboard_approval_has_extras" time="0.103" /><testcase classname="backend.tests.test_crm" name="test_create_request_persisted" time="0.314" /><testcase classname="backend.tests.test_crm" name="test_list_requests_filters" time="0.105" /><testcase classname="backend.tests.test_crm" name="test_store_user_sees_only_own" time="0.094" /><testcase classname="backend.tests.test_crm" name="test_claim_lock" time="0.419" /><testcase classname="backend.tests.test_crm" name="test_status_change_requires_claim" time="0.101" /><testcase classname="backend.tests.test_crm" name="test_status_change_after_claim" time="0.220" /><testcase classname="backend.tests.test_crm" name="test_store_cancel_own" time="0.214" /><testcase classname="backend.tests.test_crm" name="test_add_comment" time="0.100" /><testcase classname="backend.tests.test_crm" name="test_upload_invalid_ext" time="0.103" /><testcase classname="backend.tests.test_crm" name="test_upload_png_and_download" time="0.623" /><testcase classname="backend.tests.test_crm" name="test_store_cannot_create_user" time="0.138" /><testcase classname="backend.tests.test_crm" name="test_approval_cannot_upsert_brand" time="0.101" /><testcase classname="backend.tests.test_crm" name="test_store_cannot_view_other_store_request" time="0.238" /><testcase classname="backend.tests.test_crm" name="test_audit_logs" time="0.111" /><testcase classname="backend.tests.test_crm" name="test_audit_forbidden_for_store" time="0.108" /><testcase classname="backend.tests.test_crm" name="test_upsert_brand" time="0.102" /><testcase classname="backend.tests.test_crm" name="test_create_user" time="0.333" /><testcase classname="backend.tests.test_crm" name="test_download_file_cross_store_forbidden" time="0.430" /></testsuite></testsuites>